Flow report for CST455_Midterm
Sat Oct 28 17:21:56 2023
Quartus Prime Version 22.1std.2 Build 922 07/20/2023 SC Lite Edition


---------------------
; Table of Contents ;
---------------------
  1. Legal Notice
  2. Flow Summary
  3. Flow Settings
  4. Flow Non-Default Global Settings
  5. Flow Elapsed Time
  6. Flow OS Summary
  7. Flow Log
  8. Flow Messages
  9. Flow Suppressed Messages



----------------
; Legal Notice ;
----------------
Copyright (C) 2023  Intel Corporation. All rights reserved.
Your use of Intel Corporation's design tools, logic functions 
and other software and tools, and any partner logic 
functions, and any output files from any of the foregoing 
(including device programming or simulation files), and any 
associated documentation or information are expressly subject 
to the terms and conditions of the Intel Program License 
Subscription Agreement, the Intel Quartus Prime License Agreement,
the Intel FPGA IP License Agreement, or other applicable license
agreement, including, without limitation, that your use is for
the sole purpose of programming logic devices manufactured by
Intel and sold by Intel or its authorized distributors.  Please
refer to the applicable agreement for further details, at
https://fpgasoftware.intel.com/eula.



+----------------------------------------------------------------------------------+
; Flow Summary                                                                     ;
+---------------------------------+------------------------------------------------+
; Flow Status                     ; Successful - Sat Oct 28 17:21:40 2023          ;
; Quartus Prime Version           ; 22.1std.2 Build 922 07/20/2023 SC Lite Edition ;
; Revision Name                   ; CST455_Midterm                                 ;
; Top-level Entity Name           ; CST455_Midterm                                 ;
; Family                          ; Cyclone V                                      ;
; Device                          ; 5CSXFC6D6F31C6                                 ;
; Timing Models                   ; Final                                          ;
; Logic utilization (in ALMs)     ; 1,131 / 41,910 ( 3 % )                         ;
; Total registers                 ; 1656                                           ;
; Total pins                      ; 106 / 499 ( 21 % )                             ;
; Total virtual pins              ; 0                                              ;
; Total block memory bits         ; 11,392 / 5,662,720 ( < 1 % )                   ;
; Total DSP Blocks                ; 0 / 112 ( 0 % )                                ;
; Total HSSI RX PCSs              ; 0 / 9 ( 0 % )                                  ;
; Total HSSI PMA RX Deserializers ; 0 / 9 ( 0 % )                                  ;
; Total HSSI TX PCSs              ; 0 / 9 ( 0 % )                                  ;
; Total HSSI PMA TX Serializers   ; 0 / 9 ( 0 % )                                  ;
; Total PLLs                      ; 1 / 15 ( 7 % )                                 ;
; Total DLLs                      ; 0 / 4 ( 0 % )                                  ;
+---------------------------------+------------------------------------------------+


+-----------------------------------------+
; Flow Settings                           ;
+-------------------+---------------------+
; Option            ; Setting             ;
+-------------------+---------------------+
; Start date & time ; 10/28/2023 17:13:23 ;
; Main task         ; Compilation         ;
; Revision Name     ; CST455_Midterm      ;
+-------------------+---------------------+


+---------------------------------------------------------------------------------------------------------------------------------------------------+
; Flow Non-Default Global Settings                                                                                                                  ;
+-------------------------------------+------------------------------------------------------------------+---------------+-------------+------------+
; Assignment Name                     ; Value                                                            ; Default Value ; Entity Name ; Section Id ;
+-------------------------------------+------------------------------------------------------------------+---------------+-------------+------------+
; COMPILER_SIGNATURE_ID               ; 1097182909045.169853840303376                                    ; --            ; --          ; --         ;
; MAX_CORE_JUNCTION_TEMP              ; 85                                                               ; --            ; --          ; --         ;
; MIN_CORE_JUNCTION_TEMP              ; 0                                                                ; --            ; --          ; --         ;
; MISC_FILE                           ; CST455_Midterm/synthesis/../CST455_Midterm.cmp                   ; --            ; --          ; --         ;
; MISC_FILE                           ; CST455_Midterm/synthesis/../../CST455_Midterm.qsys               ; --            ; --          ; --         ;
; PARTITION_COLOR                     ; -- (Not supported for targeted family)                           ; --            ; --          ; Top        ;
; PARTITION_FITTER_PRESERVATION_LEVEL ; -- (Not supported for targeted family)                           ; --            ; --          ; Top        ;
; PARTITION_NETLIST_TYPE              ; -- (Not supported for targeted family)                           ; --            ; --          ; Top        ;
; POWER_BOARD_THERMAL_MODEL           ; None (CONSERVATIVE)                                              ; --            ; --          ; --         ;
; POWER_PRESET_COOLING_SOLUTION       ; 23 MM HEAT SINK WITH 200 LFPM AIRFLOW                            ; --            ; --          ; --         ;
; SLD_FILE                            ; CST455_Midterm/synthesis/CST455_Midterm.regmap                   ; --            ; --          ; --         ;
; SLD_FILE                            ; CST455_Midterm/synthesis/CST455_Midterm.debuginfo                ; --            ; --          ; --         ;
; SLD_INFO                            ; QSYS_NAME CST455_Midterm HAS_SOPCINFO 1 GENERATION_ID 1698537709 ; --            ; --          ; --         ;
; SOPCINFO_FILE                       ; CST455_Midterm/synthesis/../../CST455_Midterm.sopcinfo           ; --            ; --          ; --         ;
; SYNTHESIS_ONLY_QIP                  ; On                                                               ; --            ; --          ; --         ;
+-------------------------------------+------------------------------------------------------------------+---------------+-------------+------------+


+--------------------------------------------------------------------------------------------------------------------------+
; Flow Elapsed Time                                                                                                        ;
+----------------------+--------------+-------------------------+---------------------+------------------------------------+
; Module Name          ; Elapsed Time ; Average Processors Used ; Peak Virtual Memory ; Total CPU Time (on all processors) ;
+----------------------+--------------+-------------------------+---------------------+------------------------------------+
; Analysis & Synthesis ; 00:00:35     ; 1.0                     ; 5107 MB             ; 00:00:37                           ;
; Fitter               ; 00:07:22     ; 1.1                     ; 8017 MB             ; 00:05:57                           ;
; Assembler            ; 00:00:12     ; 1.0                     ; 4895 MB             ; 00:00:06                           ;
; Timing Analyzer      ; 00:00:14     ; 1.9                     ; 5509 MB             ; 00:00:16                           ;
; Total                ; 00:08:23     ; --                      ; --                  ; 00:06:56                           ;
+----------------------+--------------+-------------------------+---------------------+------------------------------------+


+------------------------------------------------------------------------------------+
; Flow OS Summary                                                                    ;
+----------------------+------------------+------------+------------+----------------+
; Module Name          ; Machine Hostname ; OS Name    ; OS Version ; Processor type ;
+----------------------+------------------+------------+------------+----------------+
; Analysis & Synthesis ; CRLT7557         ; Windows 10 ; 10.0       ; x86_64         ;
; Fitter               ; CRLT7557         ; Windows 10 ; 10.0       ; x86_64         ;
; Assembler            ; CRLT7557         ; Windows 10 ; 10.0       ; x86_64         ;
; Timing Analyzer      ; CRLT7557         ; Windows 10 ; 10.0       ; x86_64         ;
+----------------------+------------------+------------+------------+----------------+


------------
; Flow Log ;
------------
quartus_map --read_settings_files=on --write_settings_files=off CST455_Midterm -c CST455_Midterm
quartus_fit --read_settings_files=off --write_settings_files=off CST455_Midterm -c CST455_Midterm
quartus_asm --read_settings_files=off --write_settings_files=off CST455_Midterm -c CST455_Midterm
quartus_sta CST455_Midterm -c CST455_Midterm



