Flow report for CST455_Final
Sat Dec  9 17:05:35 2023
Quartus Prime Version 22.1std.2 Build 922 07/20/2023 SC Lite Edition


---------------------
; Table of Contents ;
---------------------
  1. Legal Notice
  2. Flow Summary
  3. Flow Settings
  4. Flow Non-Default Global Settings
  5. Flow Elapsed Time
  6. Flow OS Summary
  7. Flow Log
  8. Flow Messages
  9. Flow Suppressed Messages



----------------
; Legal Notice ;
----------------
Copyright (C) 2023  Intel Corporation. All rights reserved.
Your use of Intel Corporation's design tools, logic functions 
and other software and tools, and any partner logic 
functions, and any output files from any of the foregoing 
(including device programming or simulation files), and any 
associated documentation or information are expressly subject 
to the terms and conditions of the Intel Program License 
Subscription Agreement, the Intel Quartus Prime License Agreement,
the Intel FPGA IP License Agreement, or other applicable license
agreement, including, without limitation, that your use is for
the sole purpose of programming logic devices manufactured by
Intel and sold by Intel or its authorized distributors.  Please
refer to the applicable agreement for further details, at
https://fpgasoftware.intel.com/eula.



+----------------------------------------------------------------------------------+
; Flow Summary                                                                     ;
+---------------------------------+------------------------------------------------+
; Flow Status                     ; Successful - Sat Dec  9 17:05:00 2023          ;
; Quartus Prime Version           ; 22.1std.2 Build 922 07/20/2023 SC Lite Edition ;
; Revision Name                   ; CST455_Final                                   ;
; Top-level Entity Name           ; CST455_Final                                   ;
; Family                          ; Cyclone V                                      ;
; Device                          ; 5CSXFC6D6F31C6                                 ;
; Timing Models                   ; Final                                          ;
; Logic utilization (in ALMs)     ; 876 / 41,910 ( 2 % )                           ;
; Total registers                 ; 1554                                           ;
; Total pins                      ; 201 / 499 ( 40 % )                             ;
; Total virtual pins              ; 0                                              ;
; Total block memory bits         ; 0 / 5,662,720 ( 0 % )                          ;
; Total DSP Blocks                ; 0 / 112 ( 0 % )                                ;
; Total HSSI RX PCSs              ; 0 / 9 ( 0 % )                                  ;
; Total HSSI PMA RX Deserializers ; 0 / 9 ( 0 % )                                  ;
; Total HSSI TX PCSs              ; 0 / 9 ( 0 % )                                  ;
; Total HSSI PMA TX Serializers   ; 0 / 9 ( 0 % )                                  ;
; Total PLLs                      ; 0 / 15 ( 0 % )                                 ;
; Total DLLs                      ; 1 / 4 ( 25 % )                                 ;
+---------------------------------+------------------------------------------------+


+-----------------------------------------+
; Flow Settings                           ;
+-------------------+---------------------+
; Option            ; Setting             ;
+-------------------+---------------------+
; Start date & time ; 12/09/2023 16:56:01 ;
; Main task         ; Compilation         ;
; Revision Name     ; CST455_Final        ;
+-------------------+---------------------+


+--------------------------------------------------------------------------------------------------------------------------------------------------------------------------------------------+
; Flow Non-Default Global Settings                                                                                                                                                           ;
+---------------------------------------+--------------------------------------------------------------------------------+---------------+--------------------------------------+------------+
; Assignment Name                       ; Value                                                                          ; Default Value ; Entity Name                          ; Section Id ;
+---------------------------------------+--------------------------------------------------------------------------------+---------------+--------------------------------------+------------+
; COMPILER_SIGNATURE_ID                 ; 1097182909045.170216975926308                                                  ; --            ; --                                   ; --         ;
; ECO_REGENERATE_REPORT                 ; On                                                                             ; Off           ; --                                   ; --         ;
; HPS_ISW_FILE                          ; CST455_Final_HPS/synthesis/submodules/sequencer/alt_types.pre.h                ; --            ; CST455_Final_HPS_hps_0_hps_io_border ; --         ;
; HPS_ISW_FILE                          ; CST455_Final_HPS/synthesis/submodules/sequencer/emif.pre.xml                   ; --            ; CST455_Final_HPS_hps_0_hps_io_border ; --         ;
; HPS_ISW_FILE                          ; CST455_Final_HPS/synthesis/submodules/sequencer/sdram_io.pre.h                 ; --            ; CST455_Final_HPS_hps_0_hps_io_border ; --         ;
; HPS_ISW_FILE                          ; CST455_Final_HPS/synthesis/submodules/sequencer/sequencer.pre.c                ; --            ; CST455_Final_HPS_hps_0_hps_io_border ; --         ;
; HPS_ISW_FILE                          ; CST455_Final_HPS/synthesis/submodules/sequencer/sequencer.pre.h                ; --            ; CST455_Final_HPS_hps_0_hps_io_border ; --         ;
; HPS_ISW_FILE                          ; CST455_Final_HPS/synthesis/submodules/sequencer/sequencer_auto.pre.h           ; --            ; CST455_Final_HPS_hps_0_hps_io_border ; --         ;
; HPS_ISW_FILE                          ; CST455_Final_HPS/synthesis/submodules/sequencer/sequencer_auto_ac_init.pre.c   ; --            ; CST455_Final_HPS_hps_0_hps_io_border ; --         ;
; HPS_ISW_FILE                          ; CST455_Final_HPS/synthesis/submodules/sequencer/sequencer_auto_inst_init.pre.c ; --            ; CST455_Final_HPS_hps_0_hps_io_border ; --         ;
; HPS_ISW_FILE                          ; CST455_Final_HPS/synthesis/submodules/sequencer/sequencer_defines.pre.h        ; --            ; CST455_Final_HPS_hps_0_hps_io_border ; --         ;
; HPS_ISW_FILE                          ; CST455_Final_HPS/synthesis/submodules/sequencer/system.pre.h                   ; --            ; CST455_Final_HPS_hps_0_hps_io_border ; --         ;
; HPS_ISW_FILE                          ; CST455_Final_HPS/synthesis/submodules/sequencer/tclrpt.pre.c                   ; --            ; CST455_Final_HPS_hps_0_hps_io_border ; --         ;
; HPS_ISW_FILE                          ; CST455_Final_HPS/synthesis/submodules/sequencer/tclrpt.pre.h                   ; --            ; CST455_Final_HPS_hps_0_hps_io_border ; --         ;
; HPS_ISW_FILE                          ; CST455_Final_HPS/synthesis/submodules/hps.pre.xml                              ; --            ; CST455_Final_HPS_hps_0_hps_io_border ; --         ;
; HPS_PARTITION                         ; On                                                                             ; --            ; CST455_Final_HPS_hps_0_hps_io_border ; --         ;
; MAX_CORE_JUNCTION_TEMP                ; 85                                                                             ; --            ; --                                   ; --         ;
; MIN_CORE_JUNCTION_TEMP                ; 0                                                                              ; --            ; --                                   ; --         ;
; MISC_FILE                             ; CST455_Final_HPS/synthesis/../CST455_Final_HPS.cmp                             ; --            ; --                                   ; --         ;
; MISC_FILE                             ; CST455_Final_HPS/synthesis/../../C                                             ; --            ; --                                   ; --         ;
; MISC_FILE                             ; CST455_Final_HPS/synthesis/CST455_Final_HPS_hps_0_hps.svd                      ; --            ; --                                   ; --         ;
; MISC_FILE                             ; CST455_Final_HPS/synthesis/../../CST455_Final_HPS.qsys                         ; --            ; --                                   ; --         ;
; MISC_FILE                             ; CST455_Final_HPS/synthesis/submodules/sequencer/alt_types.pre.h                ; --            ; --                                   ; --         ;
; MISC_FILE                             ; CST455_Final_HPS/synthesis/submodules/sequencer/emif.pre.xml                   ; --            ; --                                   ; --         ;
; MISC_FILE                             ; CST455_Final_HPS/synthesis/submodules/sequencer/sdram_io.pre.h                 ; --            ; --                                   ; --         ;
; MISC_FILE                             ; CST455_Final_HPS/synthesis/submodules/sequencer/sequencer.pre.c                ; --            ; --                                   ; --         ;
; MISC_FILE                             ; CST455_Final_HPS/synthesis/submodules/sequencer/sequencer.pre.h                ; --            ; --                                   ; --         ;
; MISC_FILE                             ; CST455_Final_HPS/synthesis/submodules/sequencer/sequencer_auto.pre.h           ; --            ; --                                   ; --         ;
; MISC_FILE                             ; CST455_Final_HPS/synthesis/submodules/sequencer/sequencer_auto_ac_init.pre.c   ; --            ; --                                   ; --         ;
; MISC_FILE                             ; CST455_Final_HPS/synthesis/submodules/sequencer/sequencer_auto_inst_init.pre.c ; --            ; --                                   ; --         ;
; MISC_FILE                             ; CST455_Final_HPS/synthesis/submodules/sequencer/sequencer_defines.pre.h        ; --            ; --                                   ; --         ;
; MISC_FILE                             ; CST455_Final_HPS/synthesis/submodules/sequencer/system.pre.h                   ; --            ; --                                   ; --         ;
; MISC_FILE                             ; CST455_Final_HPS/synthesis/submodules/sequencer/tclrpt.pre.c                   ; --            ; --                                   ; --         ;
; MISC_FILE                             ; CST455_Final_HPS/synthesis/submodules/sequencer/tclrpt.pre.h                   ; --            ; --                                   ; --         ;
; MISC_FILE                             ; CST455_Final_HPS/synthesis/submodules/hps.pre.xml                              ; --            ; --                                   ; --         ;
; PARTITION_COLOR                       ; -- (Not supported for targeted family)                                         ; --            ; --                                   ; Top        ;
; PARTITION_FITTER_PRESERVATION_LEVEL   ; -- (Not supported for targeted family)                                         ; --            ; --                                   ; Top        ;
; PARTITION_NETLIST_TYPE                ; -- (Not supported for targeted family)                                         ; --            ; --                                   ; Top        ;
; POWER_BOARD_THERMAL_MODEL             ; None (CONSERVATIVE)                                                            ; --            ; --                                   ; --         ;
; POWER_PRESET_COOLING_SOLUTION         ; 23 MM HEAT SINK WITH 200 LFPM AIRFLOW                                          ; --            ; --                                   ; --         ;
; SLD_FILE                              ; CST455_Final_HPS/synthesis/CST455_Final_HPS.regmap                             ; --            ; --                                   ; --         ;
; SLD_FILE                              ; CST455_Final_HPS/synthesis/CST455_Final_HPS.debuginfo                          ; --            ; --                                   ; --         ;
; SLD_INFO                              ; QSYS_NAME CST455_Final_HPS HAS_SOPCINFO 1 GENERATION_ID 1702169647             ; --            ; CST455_Final_HPS                     ; --         ;
; SOPCINFO_FILE                         ; CST455_Final_HPS/synthesis/../../CST455_Final_HPS.sopcinfo                     ; --            ; --                                   ; --         ;
; SYNTHESIS_ONLY_QIP                    ; On                                                                             ; --            ; --                                   ; --         ;
; USE_DLL_FREQUENCY_FOR_DQS_DELAY_CHAIN ; On                                                                             ; Off           ; --                                   ; --         ;
+---------------------------------------+--------------------------------------------------------------------------------+---------------+--------------------------------------+------------+


+--------------------------------------------------------------------------------------------------------------------------+
; Flow Elapsed Time                                                                                                        ;
+----------------------+--------------+-------------------------+---------------------+------------------------------------+
; Module Name          ; Elapsed Time ; Average Processors Used ; Peak Virtual Memory ; Total CPU Time (on all processors) ;
+----------------------+--------------+-------------------------+---------------------+------------------------------------+
; Analysis & Synthesis ; 00:00:19     ; 1.0                     ; 5146 MB             ; 00:00:17                           ;
; Fitter               ; 00:04:40     ; 1.1                     ; 8338 MB             ; 00:05:59                           ;
; Assembler            ; 00:00:10     ; 1.0                     ; 4928 MB             ; 00:00:07                           ;
; Timing Analyzer      ; 00:00:34     ; 1.5                     ; 5726 MB             ; 00:00:29                           ;
; Total                ; 00:05:43     ; --                      ; --                  ; 00:06:52                           ;
+----------------------+--------------+-------------------------+---------------------+------------------------------------+


+------------------------------------------------------------------------------------+
; Flow OS Summary                                                                    ;
+----------------------+------------------+------------+------------+----------------+
; Module Name          ; Machine Hostname ; OS Name    ; OS Version ; Processor type ;
+----------------------+------------------+------------+------------+----------------+
; Analysis & Synthesis ; CRLT7557         ; Windows 10 ; 10.0       ; x86_64         ;
; Fitter               ; CRLT7557         ; Windows 10 ; 10.0       ; x86_64         ;
; Assembler            ; CRLT7557         ; Windows 10 ; 10.0       ; x86_64         ;
; Timing Analyzer      ; CRLT7557         ; Windows 10 ; 10.0       ; x86_64         ;
+----------------------+------------------+------------+------------+----------------+


------------
; Flow Log ;
------------
quartus_map --read_settings_files=on --write_settings_files=off CST455_Final -c CST455_Final
quartus_fit --read_settings_files=off --write_settings_files=off CST455_Final -c CST455_Final
quartus_asm --read_settings_files=off --write_settings_files=off CST455_Final -c CST455_Final
quartus_sta CST455_Final -c CST455_Final



