Info: Starting: Create block symbol file (.bsf)
Info: qsys-generate C:\Users\robin\OneDrive\Desktop\CST455\cst455-labs\CST455_Final\CST455_Final_HPS.qsys --block-symbol-file --output-directory=C:\Users\robin\OneDrive\Desktop\CST455\cst455-labs\CST455_Final\CST455_Final_HPS --family="Cyclone V" --part=5CSXFC6D6F31C6
Progress: Loading CST455_Final/CST455_Final_HPS.qsys
Progress: Reading input file
Progress: Adding FibonacciSeq_0 [FibonacciSeq 1.0]
Progress: Parameterizing module FibonacciSeq_0
Progress: Adding HEX01 [SevenSegDecoder 1.0]
Progress: Parameterizing module HEX01
Progress: Adding HEX23 [SevenSegDecoder 1.0]
Progress: Parameterizing module HEX23
Progress: Adding HEX45 [SevenSegDecoder 1.0]
Progress: Parameterizing module HEX45
Progress: Adding LEDs_0 [LEDs 1.0]
Progress: Parameterizing module LEDs_0
Progress: Adding Pushbuttons_0 [Pushbuttons 1.0]
Progress: Parameterizing module Pushbuttons_0
Progress: Adding Switches_0 [Switches 1.0]
Progress: Parameterizing module Switches_0
Progress: Adding clk_0 [clock_source 22.1]
Progress: Parameterizing module clk_0
Progress: Adding hps_0 [altera_hps 22.1]
Progress: Parameterizing module hps_0
Progress: Building connections
Progress: Parameterizing connections
Progress: Validating
Progress: Done reading input file
Info: CST455_Final_HPS.hps_0: HPS Main PLL counter settings: n = 0  m = 73
Info: CST455_Final_HPS.hps_0: HPS peripherial PLL counter settings: n = 0  m = 39
Warning: CST455_Final_HPS.hps_0: "Configuration/HPS-to-FPGA user 0 clock frequency" (desired_cfg_clk_mhz) requested 100.0 MHz, but only achieved 97.368421 MHz
Warning: CST455_Final_HPS.hps_0: 1 or more output clock frequencies cannot be achieved precisely, consider revising desired output clock frequencies.
Info: qsys-generate succeeded.
Info: Finished: Create block symbol file (.bsf)
Info: 
Info: Starting: Create HDL design files for synthesis
Info: qsys-generate C:\Users\robin\OneDrive\Desktop\CST455\cst455-labs\CST455_Final\CST455_Final_HPS.qsys --synthesis=VERILOG --output-directory=C:\Users\robin\OneDrive\Desktop\CST455\cst455-labs\CST455_Final\CST455_Final_HPS\synthesis --family="Cyclone V" --part=5CSXFC6D6F31C6
Progress: Loading CST455_Final/CST455_Final_HPS.qsys
Progress: Reading input file
Progress: Adding FibonacciSeq_0 [FibonacciSeq 1.0]
Progress: Parameterizing module FibonacciSeq_0
Progress: Adding HEX01 [SevenSegDecoder 1.0]
Progress: Parameterizing module HEX01
Progress: Adding HEX23 [SevenSegDecoder 1.0]
Progress: Parameterizing module HEX23
Progress: Adding HEX45 [SevenSegDecoder 1.0]
Progress: Parameterizing module HEX45
Progress: Adding LEDs_0 [LEDs 1.0]
Progress: Parameterizing module LEDs_0
Progress: Adding Pushbuttons_0 [Pushbuttons 1.0]
Progress: Parameterizing module Pushbuttons_0
Progress: Adding Switches_0 [Switches 1.0]
Progress: Parameterizing module Switches_0
Progress: Adding clk_0 [clock_source 22.1]
Progress: Parameterizing module clk_0
Progress: Adding hps_0 [altera_hps 22.1]
Progress: Parameterizing module hps_0
Progress: Building connections
Progress: Parameterizing connections
Progress: Validating
Progress: Done reading input file
Info: CST455_Final_HPS.hps_0: HPS Main PLL counter settings: n = 0  m = 73
Info: CST455_Final_HPS.hps_0: HPS peripherial PLL counter settings: n = 0  m = 39
Warning: CST455_Final_HPS.hps_0: "Configuration/HPS-to-FPGA user 0 clock frequency" (desired_cfg_clk_mhz) requested 100.0 MHz, but only achieved 97.368421 MHz
Warning: CST455_Final_HPS.hps_0: 1 or more output clock frequencies cannot be achieved precisely, consider revising desired output clock frequencies.
Info: CST455_Final_HPS: Generating CST455_Final_HPS "CST455_Final_HPS" for QUARTUS_SYNTH
Info: FibonacciSeq_0: "CST455_Final_HPS" instantiated FibonacciSeq "FibonacciSeq_0"
Info: HEX01: "CST455_Final_HPS" instantiated SevenSegDecoder "HEX01"
Info: LEDs_0: "CST455_Final_HPS" instantiated LEDs "LEDs_0"
Info: Pushbuttons_0: "CST455_Final_HPS" instantiated Pushbuttons "Pushbuttons_0"
Info: Switches_0: "CST455_Final_HPS" instantiated Switches "Switches_0"
Info: hps_0: "Running  for module: hps_0"
Info: hps_0: HPS Main PLL counter settings: n = 0  m = 73
Info: hps_0: HPS peripherial PLL counter settings: n = 0  m = 39
Warning: hps_0: "Configuration/HPS-to-FPGA user 0 clock frequency" (desired_cfg_clk_mhz) requested 100.0 MHz, but only achieved 97.368421 MHz
Warning: hps_0: 1 or more output clock frequencies cannot be achieved precisely, consider revising desired output clock frequencies.
Info: hps_0: "CST455_Final_HPS" instantiated altera_hps "hps_0"
Info: avalon_st_adapter: Inserting error_adapter: error_adapter_0
Info: avalon_st_adapter_001: Inserting error_adapter: error_adapter_0
Info: avalon_st_adapter_002: Inserting error_adapter: error_adapter_0
Info: avalon_st_adapter_003: Inserting error_adapter: error_adapter_0
Info: avalon_st_adapter_004: Inserting error_adapter: error_adapter_0
Info: avalon_st_adapter_005: Inserting error_adapter: error_adapter_0
Info: avalon_st_adapter_006: Inserting error_adapter: error_adapter_0
Info: mm_interconnect_0: "CST455_Final_HPS" instantiated altera_mm_interconnect "mm_interconnect_0"
Info: rst_controller: "CST455_Final_HPS" instantiated altera_reset_controller "rst_controller"
Info: fpga_interfaces: "hps_0" instantiated altera_interface_generator "fpga_interfaces"
Info: hps_io: "hps_0" instantiated altera_hps_io "hps_io"
Info: HEX45_avalon_slave_0_translator: "mm_interconnect_0" instantiated altera_merlin_slave_translator "HEX45_avalon_slave_0_translator"
Info: hps_0_h2f_lw_axi_master_agent: "mm_interconnect_0" instantiated altera_merlin_axi_master_ni "hps_0_h2f_lw_axi_master_agent"
Info: HEX45_avalon_slave_0_agent: "mm_interconnect_0" instantiated altera_merlin_slave_agent "HEX45_avalon_slave_0_agent"
Info: HEX45_avalon_slave_0_agent_rsp_fifo: "mm_interconnect_0" instantiated altera_avalon_sc_fifo "HEX45_avalon_slave_0_agent_rsp_fifo"
Info: router: "mm_interconnect_0" instantiated altera_merlin_router "router"
Info: router_002: "mm_interconnect_0" instantiated altera_merlin_router "router_002"
Info: hps_0_h2f_lw_axi_master_wr_limiter: "mm_interconnect_0" instantiated altera_merlin_traffic_limiter "hps_0_h2f_lw_axi_master_wr_limiter"
Info: Reusing file C:/Users/robin/OneDrive/Desktop/CST455/cst455-labs/CST455_Final/CST455_Final_HPS/synthesis/submodules/altera_avalon_sc_fifo.v
Info: HEX45_avalon_slave_0_burst_adapter: "mm_interconnect_0" instantiated altera_merlin_burst_adapter "HEX45_avalon_slave_0_burst_adapter"
Info: Reusing file C:/Users/robin/OneDrive/Desktop/CST455/cst455-labs/CST455_Final/CST455_Final_HPS/synthesis/submodules/altera_merlin_address_alignment.sv
Info: Reusing file C:/Users/robin/OneDrive/Desktop/CST455/cst455-labs/CST455_Final/CST455_Final_HPS/synthesis/submodules/altera_avalon_st_pipeline_base.v
Info: cmd_demux: "mm_interconnect_0" instantiated altera_merlin_demultiplexer "cmd_demux"
Info: cmd_mux: "mm_interconnect_0" instantiated altera_merlin_multiplexer "cmd_mux"
Info: rsp_demux: "mm_interconnect_0" instantiated altera_merlin_demultiplexer "rsp_demux"
Info: rsp_mux: "mm_interconnect_0" instantiated altera_merlin_multiplexer "rsp_mux"
Info: Reusing file C:/Users/robin/OneDrive/Desktop/CST455/cst455-labs/CST455_Final/CST455_Final_HPS/synthesis/submodules/altera_merlin_arbitrator.sv
Info: avalon_st_adapter: "mm_interconnect_0" instantiated altera_avalon_st_adapter "avalon_st_adapter"
Info: border: "hps_io" instantiated altera_interface_generator "border"
Info: error_adapter_0: "avalon_st_adapter" instantiated error_adapter "error_adapter_0"
Info: CST455_Final_HPS: Done "CST455_Final_HPS" with 26 modules, 83 files
Info: qsys-generate succeeded.
Info: Finished: Create HDL design files for synthesis
