Flow report for Lab03
Mon Oct 16 17:53:03 2023
Quartus Prime Version 22.1std.2 Build 922 07/20/2023 SC Lite Edition


---------------------
; Table of Contents ;
---------------------
  1. Legal Notice
  2. Flow Summary
  3. Flow Settings
  4. Flow Non-Default Global Settings
  5. Flow Elapsed Time
  6. Flow OS Summary
  7. Flow Log
  8. Flow Messages
  9. Flow Suppressed Messages



----------------
; Legal Notice ;
----------------
Copyright (C) 2023  Intel Corporation. All rights reserved.
Your use of Intel Corporation's design tools, logic functions 
and other software and tools, and any partner logic 
functions, and any output files from any of the foregoing 
(including device programming or simulation files), and any 
associated documentation or information are expressly subject 
to the terms and conditions of the Intel Program License 
Subscription Agreement, the Intel Quartus Prime License Agreement,
the Intel FPGA IP License Agreement, or other applicable license
agreement, including, without limitation, that your use is for
the sole purpose of programming logic devices manufactured by
Intel and sold by Intel or its authorized distributors.  Please
refer to the applicable agreement for further details, at
https://fpgasoftware.intel.com/eula.



+----------------------------------------------------------------------------------------+
; Flow Summary                                                                           ;
+---------------------------------+------------------------------------------------------+
; Flow Status                     ; EDA Netlist Writer Failed - Mon Oct 16 17:53:03 2023 ;
; Quartus Prime Version           ; 22.1std.2 Build 922 07/20/2023 SC Lite Edition       ;
; Revision Name                   ; Lab03                                                ;
; Top-level Entity Name           ; Lab03                                                ;
; Family                          ; Cyclone V                                            ;
; Device                          ; 5CSXFC6D6F31C6                                       ;
; Timing Models                   ; Final                                                ;
; Logic utilization (in ALMs)     ; 1,386 / 41,910 ( 3 % )                               ;
; Total registers                 ; 2067                                                 ;
; Total pins                      ; 39 / 499 ( 8 % )                                     ;
; Total virtual pins              ; 0                                                    ;
; Total block memory bits         ; 95,552 / 5,662,720 ( 2 % )                           ;
; Total DSP Blocks                ; 3 / 112 ( 3 % )                                      ;
; Total HSSI RX PCSs              ; 0 / 9 ( 0 % )                                        ;
; Total HSSI PMA RX Deserializers ; 0 / 9 ( 0 % )                                        ;
; Total HSSI TX PCSs              ; 0 / 9 ( 0 % )                                        ;
; Total HSSI PMA TX Serializers   ; 0 / 9 ( 0 % )                                        ;
; Total PLLs                      ; 0 / 15 ( 0 % )                                       ;
; Total DLLs                      ; 0 / 4 ( 0 % )                                        ;
+---------------------------------+------------------------------------------------------+


+-----------------------------------------+
; Flow Settings                           ;
+-------------------+---------------------+
; Option            ; Setting             ;
+-------------------+---------------------+
; Start date & time ; 10/16/2023 17:44:04 ;
; Main task         ; Compilation         ;
; Revision Name     ; Lab03               ;
+-------------------+---------------------+


+----------------------------------------------------------------------------------------------------------------------------------------------+
; Flow Non-Default Global Settings                                                                                                             ;
+-------------------------------------+---------------------------------------------------------+---------------+-------------+----------------+
; Assignment Name                     ; Value                                                   ; Default Value ; Entity Name ; Section Id     ;
+-------------------------------------+---------------------------------------------------------+---------------+-------------+----------------+
; COMPILER_SIGNATURE_ID               ; 1097182909045.169750344303472                           ; --            ; --          ; --             ;
; EDA_OUTPUT_DATA_FORMAT              ; Verilog Hdl                                             ; --            ; --          ; eda_simulation ;
; EDA_SIMULATION_TOOL                 ; Questa Intel FPGA (Verilog)                             ; <None>        ; --          ; --             ;
; EDA_TIME_SCALE                      ; 1 ps                                                    ; --            ; --          ; eda_simulation ;
; MAX_CORE_JUNCTION_TEMP              ; 85                                                      ; --            ; --          ; --             ;
; MIN_CORE_JUNCTION_TEMP              ; 0                                                       ; --            ; --          ; --             ;
; MISC_FILE                           ; Lab03/synthesis/../Lab03.cmp                            ; --            ; --          ; --             ;
; MISC_FILE                           ; Lab03/synthesis/../../Lab03.qsys                        ; --            ; --          ; --             ;
; PARTITION_COLOR                     ; -- (Not supported for targeted family)                  ; --            ; --          ; Top            ;
; PARTITION_FITTER_PRESERVATION_LEVEL ; -- (Not supported for targeted family)                  ; --            ; --          ; Top            ;
; PARTITION_NETLIST_TYPE              ; -- (Not supported for targeted family)                  ; --            ; --          ; Top            ;
; POWER_BOARD_THERMAL_MODEL           ; None (CONSERVATIVE)                                     ; --            ; --          ; --             ;
; POWER_PRESET_COOLING_SOLUTION       ; 23 MM HEAT SINK WITH 200 LFPM AIRFLOW                   ; --            ; --          ; --             ;
; SLD_FILE                            ; Lab03/synthesis/Lab03.regmap                            ; --            ; --          ; --             ;
; SLD_FILE                            ; Lab03/synthesis/Lab03.debuginfo                         ; --            ; --          ; --             ;
; SLD_INFO                            ; QSYS_NAME Lab03 HAS_SOPCINFO 1 GENERATION_ID 1697502941 ; --            ; --          ; --             ;
; SOPCINFO_FILE                       ; Lab03/synthesis/../../Lab03.sopcinfo                    ; --            ; --          ; --             ;
; SYNTHESIS_ONLY_QIP                  ; On                                                      ; --            ; --          ; --             ;
+-------------------------------------+---------------------------------------------------------+---------------+-------------+----------------+


+--------------------------------------------------------------------------------------------------------------------------+
; Flow Elapsed Time                                                                                                        ;
+----------------------+--------------+-------------------------+---------------------+------------------------------------+
; Module Name          ; Elapsed Time ; Average Processors Used ; Peak Virtual Memory ; Total CPU Time (on all processors) ;
+----------------------+--------------+-------------------------+---------------------+------------------------------------+
; Analysis & Synthesis ; 00:00:38     ; 1.0                     ; 5100 MB             ; 00:00:34                           ;
; Fitter               ; 00:07:52     ; 1.1                     ; 7902 MB             ; 00:07:16                           ;
; Assembler            ; 00:00:08     ; 1.0                     ; 4911 MB             ; 00:00:04                           ;
; Timing Analyzer      ; 00:00:08     ; 3.0                     ; 5384 MB             ; 00:00:11                           ;
; EDA Netlist Writer   ; 00:00:02     ; 1.0                     ; 4756 MB             ; 00:00:01                           ;
; Total                ; 00:08:48     ; --                      ; --                  ; 00:08:06                           ;
+----------------------+--------------+-------------------------+---------------------+------------------------------------+


+------------------------------------------------------------------------------------+
; Flow OS Summary                                                                    ;
+----------------------+------------------+------------+------------+----------------+
; Module Name          ; Machine Hostname ; OS Name    ; OS Version ; Processor type ;
+----------------------+------------------+------------+------------+----------------+
; Analysis & Synthesis ; CRLT7557         ; Windows 10 ; 10.0       ; x86_64         ;
; Fitter               ; CRLT7557         ; Windows 10 ; 10.0       ; x86_64         ;
; Assembler            ; CRLT7557         ; Windows 10 ; 10.0       ; x86_64         ;
; Timing Analyzer      ; CRLT7557         ; Windows 10 ; 10.0       ; x86_64         ;
; EDA Netlist Writer   ; CRLT7557         ; Windows 10 ; 10.0       ; x86_64         ;
+----------------------+------------------+------------+------------+----------------+


------------
; Flow Log ;
------------
quartus_map --read_settings_files=on --write_settings_files=off Lab03 -c Lab03
quartus_fit --read_settings_files=off --write_settings_files=off Lab03 -c Lab03
quartus_asm --read_settings_files=off --write_settings_files=off Lab03 -c Lab03
quartus_sta Lab03 -c Lab03
quartus_eda --read_settings_files=off --write_settings_files=off Lab03 -c Lab03



