Flow report for Term_Project_HPS
Sun Dec  3 13:45:34 2023
Quartus Prime Version 22.1std.2 Build 922 07/20/2023 SC Lite Edition


---------------------
; Table of Contents ;
---------------------
  1. Legal Notice
  2. Flow Summary
  3. Flow Settings
  4. Flow Non-Default Global Settings
  5. Flow Elapsed Time
  6. Flow OS Summary
  7. Flow Log
  8. Flow Messages
  9. Flow Suppressed Messages



----------------
; Legal Notice ;
----------------
Copyright (C) 2023  Intel Corporation. All rights reserved.
Your use of Intel Corporation's design tools, logic functions 
and other software and tools, and any partner logic 
functions, and any output files from any of the foregoing 
(including device programming or simulation files), and any 
associated documentation or information are expressly subject 
to the terms and conditions of the Intel Program License 
Subscription Agreement, the Intel Quartus Prime License Agreement,
the Intel FPGA IP License Agreement, or other applicable license
agreement, including, without limitation, that your use is for
the sole purpose of programming logic devices manufactured by
Intel and sold by Intel or its authorized distributors.  Please
refer to the applicable agreement for further details, at
https://fpgasoftware.intel.com/eula.



+----------------------------------------------------------------------------------+
; Flow Summary                                                                     ;
+---------------------------------+------------------------------------------------+
; Flow Status                     ; Successful - Sun Dec  3 13:45:00 2023          ;
; Quartus Prime Version           ; 22.1std.2 Build 922 07/20/2023 SC Lite Edition ;
; Revision Name                   ; Term_Project_HPS                               ;
; Top-level Entity Name           ; Term_Project_HPS                               ;
; Family                          ; Cyclone V                                      ;
; Device                          ; 5CSXFC6D6F31C6                                 ;
; Timing Models                   ; Final                                          ;
; Logic utilization (in ALMs)     ; 795 / 41,910 ( 2 % )                           ;
; Total registers                 ; 1499                                           ;
; Total pins                      ; 178 / 499 ( 36 % )                             ;
; Total virtual pins              ; 0                                              ;
; Total block memory bits         ; 0 / 5,662,720 ( 0 % )                          ;
; Total DSP Blocks                ; 0 / 112 ( 0 % )                                ;
; Total HSSI RX PCSs              ; 0 / 9 ( 0 % )                                  ;
; Total HSSI PMA RX Deserializers ; 0 / 9 ( 0 % )                                  ;
; Total HSSI TX PCSs              ; 0 / 9 ( 0 % )                                  ;
; Total HSSI PMA TX Serializers   ; 0 / 9 ( 0 % )                                  ;
; Total PLLs                      ; 0 / 15 ( 0 % )                                 ;
; Total DLLs                      ; 1 / 4 ( 25 % )                                 ;
+---------------------------------+------------------------------------------------+


+-----------------------------------------+
; Flow Settings                           ;
+-------------------+---------------------+
; Option            ; Setting             ;
+-------------------+---------------------+
; Start date & time ; 12/03/2023 13:37:28 ;
; Main task         ; Compilation         ;
; Revision Name     ; Term_Project_HPS    ;
+-------------------+---------------------+


+----------------------------------------------------------------------------------------------------------------------------------------------------------------------------------+
; Flow Non-Default Global Settings                                                                                                                                                 ;
+---------------------------------------+---------------------------------------------------------------------------+---------------+---------------------------------+------------+
; Assignment Name                       ; Value                                                                     ; Default Value ; Entity Name                     ; Section Id ;
+---------------------------------------+---------------------------------------------------------------------------+---------------+---------------------------------+------------+
; COMPILER_SIGNATURE_ID                 ; 91770884065.170163944523292                                               ; --            ; --                              ; --         ;
; ECO_REGENERATE_REPORT                 ; On                                                                        ; Off           ; --                              ; --         ;
; HPS_ISW_FILE                          ; TermProject/synthesis/submodules/sequencer/alt_types.pre.h                ; --            ; TermProject_hps_0_hps_io_border ; --         ;
; HPS_ISW_FILE                          ; TermProject/synthesis/submodules/sequencer/emif.pre.xml                   ; --            ; TermProject_hps_0_hps_io_border ; --         ;
; HPS_ISW_FILE                          ; TermProject/synthesis/submodules/sequencer/sdram_io.pre.h                 ; --            ; TermProject_hps_0_hps_io_border ; --         ;
; HPS_ISW_FILE                          ; TermProject/synthesis/submodules/sequencer/sequencer.pre.c                ; --            ; TermProject_hps_0_hps_io_border ; --         ;
; HPS_ISW_FILE                          ; TermProject/synthesis/submodules/sequencer/sequencer.pre.h                ; --            ; TermProject_hps_0_hps_io_border ; --         ;
; HPS_ISW_FILE                          ; TermProject/synthesis/submodules/sequencer/sequencer_auto.pre.h           ; --            ; TermProject_hps_0_hps_io_border ; --         ;
; HPS_ISW_FILE                          ; TermProject/synthesis/submodules/sequencer/sequencer_auto_ac_init.pre.c   ; --            ; TermProject_hps_0_hps_io_border ; --         ;
; HPS_ISW_FILE                          ; TermProject/synthesis/submodules/sequencer/sequencer_auto_inst_init.pre.c ; --            ; TermProject_hps_0_hps_io_border ; --         ;
; HPS_ISW_FILE                          ; TermProject/synthesis/submodules/sequencer/sequencer_defines.pre.h        ; --            ; TermProject_hps_0_hps_io_border ; --         ;
; HPS_ISW_FILE                          ; TermProject/synthesis/submodules/sequencer/system.pre.h                   ; --            ; TermProject_hps_0_hps_io_border ; --         ;
; HPS_ISW_FILE                          ; TermProject/synthesis/submodules/sequencer/tclrpt.pre.c                   ; --            ; TermProject_hps_0_hps_io_border ; --         ;
; HPS_ISW_FILE                          ; TermProject/synthesis/submodules/sequencer/tclrpt.pre.h                   ; --            ; TermProject_hps_0_hps_io_border ; --         ;
; HPS_ISW_FILE                          ; TermProject/synthesis/submodules/hps.pre.xml                              ; --            ; TermProject_hps_0_hps_io_border ; --         ;
; HPS_PARTITION                         ; On                                                                        ; --            ; TermProject_hps_0_hps_io_border ; --         ;
; MAX_CORE_JUNCTION_TEMP                ; 85                                                                        ; --            ; --                              ; --         ;
; MIN_CORE_JUNCTION_TEMP                ; 0                                                                         ; --            ; --                              ; --         ;
; MISC_FILE                             ; TermProject/synthesis/../TermProject.cmp                                  ; --            ; --                              ; --         ;
; MISC_FILE                             ; TermProject/synthesis/../../C                                             ; --            ; --                              ; --         ;
; MISC_FILE                             ; TermProject/synthesis/TermProject_hps_0_hps.svd                           ; --            ; --                              ; --         ;
; MISC_FILE                             ; TermProject/synthesis/../../TermProject.qsys                              ; --            ; --                              ; --         ;
; MISC_FILE                             ; TermProject/synthesis/submodules/sequencer/alt_types.pre.h                ; --            ; --                              ; --         ;
; MISC_FILE                             ; TermProject/synthesis/submodules/sequencer/emif.pre.xml                   ; --            ; --                              ; --         ;
; MISC_FILE                             ; TermProject/synthesis/submodules/sequencer/sdram_io.pre.h                 ; --            ; --                              ; --         ;
; MISC_FILE                             ; TermProject/synthesis/submodules/sequencer/sequencer.pre.c                ; --            ; --                              ; --         ;
; MISC_FILE                             ; TermProject/synthesis/submodules/sequencer/sequencer.pre.h                ; --            ; --                              ; --         ;
; MISC_FILE                             ; TermProject/synthesis/submodules/sequencer/sequencer_auto.pre.h           ; --            ; --                              ; --         ;
; MISC_FILE                             ; TermProject/synthesis/submodules/sequencer/sequencer_auto_ac_init.pre.c   ; --            ; --                              ; --         ;
; MISC_FILE                             ; TermProject/synthesis/submodules/sequencer/sequencer_auto_inst_init.pre.c ; --            ; --                              ; --         ;
; MISC_FILE                             ; TermProject/synthesis/submodules/sequencer/sequencer_defines.pre.h        ; --            ; --                              ; --         ;
; MISC_FILE                             ; TermProject/synthesis/submodules/sequencer/system.pre.h                   ; --            ; --                              ; --         ;
; MISC_FILE                             ; TermProject/synthesis/submodules/sequencer/tclrpt.pre.c                   ; --            ; --                              ; --         ;
; MISC_FILE                             ; TermProject/synthesis/submodules/sequencer/tclrpt.pre.h                   ; --            ; --                              ; --         ;
; MISC_FILE                             ; TermProject/synthesis/submodules/hps.pre.xml                              ; --            ; --                              ; --         ;
; PARTITION_COLOR                       ; -- (Not supported for targeted family)                                    ; --            ; --                              ; Top        ;
; PARTITION_FITTER_PRESERVATION_LEVEL   ; -- (Not supported for targeted family)                                    ; --            ; --                              ; Top        ;
; PARTITION_NETLIST_TYPE                ; -- (Not supported for targeted family)                                    ; --            ; --                              ; Top        ;
; POWER_BOARD_THERMAL_MODEL             ; None (CONSERVATIVE)                                                       ; --            ; --                              ; --         ;
; POWER_PRESET_COOLING_SOLUTION         ; 23 MM HEAT SINK WITH 200 LFPM AIRFLOW                                     ; --            ; --                              ; --         ;
; SLD_FILE                              ; TermProject/synthesis/TermProject.regmap                                  ; --            ; --                              ; --         ;
; SLD_FILE                              ; TermProject/synthesis/TermProject.debuginfo                               ; --            ; --                              ; --         ;
; SLD_INFO                              ; QSYS_NAME TermProject HAS_SOPCINFO 1 GENERATION_ID 1701639302             ; --            ; TermProject                     ; --         ;
; SOPCINFO_FILE                         ; TermProject/synthesis/../../TermProject.sopcinfo                          ; --            ; --                              ; --         ;
; SYNTHESIS_ONLY_QIP                    ; On                                                                        ; --            ; --                              ; --         ;
; USE_DLL_FREQUENCY_FOR_DQS_DELAY_CHAIN ; On                                                                        ; Off           ; --                              ; --         ;
+---------------------------------------+---------------------------------------------------------------------------+---------------+---------------------------------+------------+


+--------------------------------------------------------------------------------------------------------------------------+
; Flow Elapsed Time                                                                                                        ;
+----------------------+--------------+-------------------------+---------------------+------------------------------------+
; Module Name          ; Elapsed Time ; Average Processors Used ; Peak Virtual Memory ; Total CPU Time (on all processors) ;
+----------------------+--------------+-------------------------+---------------------+------------------------------------+
; Analysis & Synthesis ; 00:00:25     ; 1.0                     ; 5163 MB             ; 00:00:20                           ;
; Fitter               ; 00:03:42     ; 1.1                     ; 8337 MB             ; 00:07:41                           ;
; Assembler            ; 00:00:09     ; 1.0                     ; 4913 MB             ; 00:00:06                           ;
; Timing Analyzer      ; 00:00:32     ; 1.4                     ; 5735 MB             ; 00:00:22                           ;
; Total                ; 00:04:48     ; --                      ; --                  ; 00:08:29                           ;
+----------------------+--------------+-------------------------+---------------------+------------------------------------+


+------------------------------------------------------------------------------------+
; Flow OS Summary                                                                    ;
+----------------------+------------------+------------+------------+----------------+
; Module Name          ; Machine Hostname ; OS Name    ; OS Version ; Processor type ;
+----------------------+------------------+------------+------------+----------------+
; Analysis & Synthesis ; CRLT7557         ; Windows 10 ; 10.0       ; x86_64         ;
; Fitter               ; CRLT7557         ; Windows 10 ; 10.0       ; x86_64         ;
; Assembler            ; CRLT7557         ; Windows 10 ; 10.0       ; x86_64         ;
; Timing Analyzer      ; CRLT7557         ; Windows 10 ; 10.0       ; x86_64         ;
+----------------------+------------------+------------+------------+----------------+


------------
; Flow Log ;
------------
quartus_map --read_settings_files=on --write_settings_files=off Term_Project_HPS -c Term_Project_HPS
quartus_fit --read_settings_files=off --write_settings_files=off Term_Project_HPS -c Term_Project_HPS
quartus_asm --read_settings_files=off --write_settings_files=off Term_Project_HPS -c Term_Project_HPS
quartus_sta Term_Project_HPS -c Term_Project_HPS



