Assembler report for Lab05
Tue Nov  7 10:34:43 2023
Quartus Prime Version 22.1std.2 Build 922 07/20/2023 SC Lite Edition


---------------------
; Table of Contents ;
---------------------
  1. Legal Notice
  2. Assembler Summary
  3. Assembler Settings
  4. Assembler Generated Files
  5. Assembler Device Options: C:/Users/robin/OneDrive/Desktop/CST455/cst455-labs/Lab05/Lab05.sof
  6. Assembler Messages



----------------
; Legal Notice ;
----------------
Copyright (C) 2023  Intel Corporation. All rights reserved.
Your use of Intel Corporation's design tools, logic functions 
and other software and tools, and any partner logic 
functions, and any output files from any of the foregoing 
(including device programming or simulation files), and any 
associated documentation or information are expressly subject 
to the terms and conditions of the Intel Program License 
Subscription Agreement, the Intel Quartus Prime License Agreement,
the Intel FPGA IP License Agreement, or other applicable license
agreement, including, without limitation, that your use is for
the sole purpose of programming logic devices manufactured by
Intel and sold by Intel or its authorized distributors.  Please
refer to the applicable agreement for further details, at
https://fpgasoftware.intel.com/eula.



+---------------------------------------------------------------+
; Assembler Summary                                             ;
+-----------------------+---------------------------------------+
; Assembler Status      ; Successful - Tue Nov  7 10:34:43 2023 ;
; Revision Name         ; Lab05                                 ;
; Top-level Entity Name ; Lab05                                 ;
; Family                ; Cyclone V                             ;
; Device                ; 5CSXFC6D6F31C6                        ;
+-----------------------+---------------------------------------+


+----------------------------------+
; Assembler Settings               ;
+--------+---------+---------------+
; Option ; Setting ; Default Value ;
+--------+---------+---------------+


+--------------------------------------------------------------------+
; Assembler Generated Files                                          ;
+--------------------------------------------------------------------+
; File Name                                                          ;
+--------------------------------------------------------------------+
; C:/Users/robin/OneDrive/Desktop/CST455/cst455-labs/Lab05/Lab05.sof ;
+--------------------------------------------------------------------+


+----------------------------------------------------------------------------------------------+
; Assembler Device Options: C:/Users/robin/OneDrive/Desktop/CST455/cst455-labs/Lab05/Lab05.sof ;
+----------------+-----------------------------------------------------------------------------+
; Option         ; Setting                                                                     ;
+----------------+-----------------------------------------------------------------------------+
; JTAG usercode  ; 0x00B68984                                                                  ;
; Checksum       ; 0x00B68984                                                                  ;
+----------------+-----------------------------------------------------------------------------+


+--------------------+
; Assembler Messages ;
+--------------------+
Info: *******************************************************************
Info: Running Quartus Prime Assembler
    Info: Version 22.1std.2 Build 922 07/20/2023 SC Lite Edition
    Info: Processing started: Tue Nov  7 10:34:31 2023
Info: Command: quartus_asm --read_settings_files=off --write_settings_files=off Lab05 -c Lab05
Warning (18236): Number of processors has not been specified which may cause overloading on shared machines.  Set the global assignment NUM_PARALLEL_PROCESSORS in your QSF to an appropriate value for best performance.
Info (115030): Assembler is generating device programming files
Warning (11713): The configuration of the Hard Processor Subsystem (HPS) within this design has changed.
The Preloader software that initializes the HPS requires an update.
Using hps_isw_handoff/HPS_Lab05_hps_0/, run the Preloader Support Package Generator to update your Preloader software
Info: Quartus Prime Assembler was successful. 0 errors, 2 warnings
    Info: Peak virtual memory: 4906 megabytes
    Info: Processing ended: Tue Nov  7 10:34:43 2023
    Info: Elapsed time: 00:00:12
    Info: Total CPU time (on all processors): 00:00:06


