Flow report for Lab04
Mon Oct 23 16:48:42 2023
Quartus Prime Version 22.1std.2 Build 922 07/20/2023 SC Lite Edition


---------------------
; Table of Contents ;
---------------------
  1. Legal Notice
  2. Flow Summary
  3. Flow Settings
  4. Flow Non-Default Global Settings
  5. Flow Elapsed Time
  6. Flow OS Summary
  7. Flow Log
  8. Flow Messages
  9. Flow Suppressed Messages



----------------
; Legal Notice ;
----------------
Copyright (C) 2023  Intel Corporation. All rights reserved.
Your use of Intel Corporation's design tools, logic functions 
and other software and tools, and any partner logic 
functions, and any output files from any of the foregoing 
(including device programming or simulation files), and any 
associated documentation or information are expressly subject 
to the terms and conditions of the Intel Program License 
Subscription Agreement, the Intel Quartus Prime License Agreement,
the Intel FPGA IP License Agreement, or other applicable license
agreement, including, without limitation, that your use is for
the sole purpose of programming logic devices manufactured by
Intel and sold by Intel or its authorized distributors.  Please
refer to the applicable agreement for further details, at
https://fpgasoftware.intel.com/eula.



+----------------------------------------------------------------------------------+
; Flow Summary                                                                     ;
+---------------------------------+------------------------------------------------+
; Flow Status                     ; Successful - Mon Oct 23 16:48:27 2023          ;
; Quartus Prime Version           ; 22.1std.2 Build 922 07/20/2023 SC Lite Edition ;
; Revision Name                   ; Lab04                                          ;
; Top-level Entity Name           ; Lab04                                          ;
; Family                          ; Cyclone V                                      ;
; Device                          ; 5CSXFC6D6F31C6                                 ;
; Timing Models                   ; Final                                          ;
; Logic utilization (in ALMs)     ; 1,044 / 41,910 ( 2 % )                         ;
; Total registers                 ; 1564                                           ;
; Total pins                      ; 54 / 499 ( 11 % )                              ;
; Total virtual pins              ; 0                                              ;
; Total block memory bits         ; 11,392 / 5,662,720 ( < 1 % )                   ;
; Total DSP Blocks                ; 0 / 112 ( 0 % )                                ;
; Total HSSI RX PCSs              ; 0 / 9 ( 0 % )                                  ;
; Total HSSI PMA RX Deserializers ; 0 / 9 ( 0 % )                                  ;
; Total HSSI TX PCSs              ; 0 / 9 ( 0 % )                                  ;
; Total HSSI PMA TX Serializers   ; 0 / 9 ( 0 % )                                  ;
; Total PLLs                      ; 1 / 15 ( 7 % )                                 ;
; Total DLLs                      ; 0 / 4 ( 0 % )                                  ;
+---------------------------------+------------------------------------------------+


+-----------------------------------------+
; Flow Settings                           ;
+-------------------+---------------------+
; Option            ; Setting             ;
+-------------------+---------------------+
; Start date & time ; 10/23/2023 16:39:40 ;
; Main task         ; Compilation         ;
; Revision Name     ; Lab04               ;
+-------------------+---------------------+


+------------------------------------------------------------------------------------------------------------------------------------------+
; Flow Non-Default Global Settings                                                                                                         ;
+-------------------------------------+---------------------------------------------------------+---------------+-------------+------------+
; Assignment Name                     ; Value                                                   ; Default Value ; Entity Name ; Section Id ;
+-------------------------------------+---------------------------------------------------------+---------------+-------------+------------+
; COMPILER_SIGNATURE_ID               ; 1097182909045.169810438015416                           ; --            ; --          ; --         ;
; MAX_CORE_JUNCTION_TEMP              ; 85                                                      ; --            ; --          ; --         ;
; MIN_CORE_JUNCTION_TEMP              ; 0                                                       ; --            ; --          ; --         ;
; MISC_FILE                           ; Lab04/synthesis/../Lab04.cmp                            ; --            ; --          ; --         ;
; MISC_FILE                           ; Lab04/synthesis/../../Lab04.qsys                        ; --            ; --          ; --         ;
; PARTITION_COLOR                     ; -- (Not supported for targeted family)                  ; --            ; --          ; Top        ;
; PARTITION_FITTER_PRESERVATION_LEVEL ; -- (Not supported for targeted family)                  ; --            ; --          ; Top        ;
; PARTITION_NETLIST_TYPE              ; -- (Not supported for targeted family)                  ; --            ; --          ; Top        ;
; POWER_BOARD_THERMAL_MODEL           ; None (CONSERVATIVE)                                     ; --            ; --          ; --         ;
; POWER_PRESET_COOLING_SOLUTION       ; 23 MM HEAT SINK WITH 200 LFPM AIRFLOW                   ; --            ; --          ; --         ;
; SLD_FILE                            ; Lab04/synthesis/Lab04.regmap                            ; --            ; --          ; --         ;
; SLD_FILE                            ; Lab04/synthesis/Lab04.debuginfo                         ; --            ; --          ; --         ;
; SLD_INFO                            ; QSYS_NAME Lab04 HAS_SOPCINFO 1 GENERATION_ID 1698102362 ; --            ; --          ; --         ;
; SOPCINFO_FILE                       ; Lab04/synthesis/../../Lab04.sopcinfo                    ; --            ; --          ; --         ;
; SYNTHESIS_ONLY_QIP                  ; On                                                      ; --            ; --          ; --         ;
+-------------------------------------+---------------------------------------------------------+---------------+-------------+------------+


+--------------------------------------------------------------------------------------------------------------------------+
; Flow Elapsed Time                                                                                                        ;
+----------------------+--------------+-------------------------+---------------------+------------------------------------+
; Module Name          ; Elapsed Time ; Average Processors Used ; Peak Virtual Memory ; Total CPU Time (on all processors) ;
+----------------------+--------------+-------------------------+---------------------+------------------------------------+
; Analysis & Synthesis ; 00:00:33     ; 1.0                     ; 5069 MB             ; 00:00:33                           ;
; Fitter               ; 00:07:59     ; 1.0                     ; 8034 MB             ; 00:06:52                           ;
; Assembler            ; 00:00:10     ; 1.0                     ; 4905 MB             ; 00:00:04                           ;
; Timing Analyzer      ; 00:00:14     ; 1.8                     ; 5503 MB             ; 00:00:14                           ;
; Total                ; 00:08:56     ; --                      ; --                  ; 00:07:43                           ;
+----------------------+--------------+-------------------------+---------------------+------------------------------------+


+------------------------------------------------------------------------------------+
; Flow OS Summary                                                                    ;
+----------------------+------------------+------------+------------+----------------+
; Module Name          ; Machine Hostname ; OS Name    ; OS Version ; Processor type ;
+----------------------+------------------+------------+------------+----------------+
; Analysis & Synthesis ; CRLT7557         ; Windows 10 ; 10.0       ; x86_64         ;
; Fitter               ; CRLT7557         ; Windows 10 ; 10.0       ; x86_64         ;
; Assembler            ; CRLT7557         ; Windows 10 ; 10.0       ; x86_64         ;
; Timing Analyzer      ; CRLT7557         ; Windows 10 ; 10.0       ; x86_64         ;
+----------------------+------------------+------------+------------+----------------+


------------
; Flow Log ;
------------
quartus_map --read_settings_files=on --write_settings_files=off Lab04 -c Lab04
quartus_fit --read_settings_files=off --write_settings_files=off Lab04 -c Lab04
quartus_asm --read_settings_files=off --write_settings_files=off Lab04 -c Lab04
quartus_sta Lab04 -c Lab04



