Info: Starting: Create block symbol file (.bsf)
Info: qsys-generate C:\Users\robin\OneDrive\Desktop\CST455\cst455-labs\Lab04\Lab04.qsys --block-symbol-file --output-directory=C:\Users\robin\OneDrive\Desktop\CST455\cst455-labs\Lab04\Lab04 --family="Cyclone V" --part=5CSXFC6D6F31C6
Progress: Loading Lab04/Lab04.qsys
Progress: Reading input file
Progress: Adding CLOCKS [altera_up_avalon_sys_sdram_pll 18.0]
Progress: Parameterizing module CLOCKS
Progress: Adding DEBUG [altera_avalon_jtag_uart 22.1]
Progress: Parameterizing module DEBUG
Progress: Adding LEDs [altera_avalon_pio 22.1]
Progress: Parameterizing module LEDs
Progress: Adding Lab04 [altera_nios2_gen2 22.1]
Progress: Parameterizing module Lab04
Progress: Adding SDRAM [altera_avalon_new_sdram_controller 20.1]
Progress: Parameterizing module SDRAM
Progress: Adding clk_0 [clock_source 22.1]
Progress: Parameterizing module clk_0
Progress: Adding pushbuttons [altera_avalon_pio 22.1]
Progress: Parameterizing module pushbuttons
Progress: Adding sys_clk [altera_avalon_timer 22.1]
Progress: Parameterizing module sys_clk
Progress: Building connections
Progress: Parameterizing connections
Progress: Validating
Progress: Done reading input file
Info: Lab04.CLOCKS: Refclk Freq: 50.0
Info: Lab04.DEBUG: JTAG UART IP input clock need to be at least double (2x) the operating frequency of JTAG TCK on board
Info: Lab04.SDRAM: SDRAM Controller will only be supported in Quartus Prime Standard Edition in the future release.
Info: Lab04.pushbuttons: PIO inputs are not hardwired in test bench. Undefined values will be read from PIO inputs during simulation.
Info: qsys-generate succeeded.
Info: Finished: Create block symbol file (.bsf)
Info: 
Info: Starting: Create HDL design files for synthesis
Info: qsys-generate C:\Users\robin\OneDrive\Desktop\CST455\cst455-labs\Lab04\Lab04.qsys --synthesis=VERILOG --output-directory=C:\Users\robin\OneDrive\Desktop\CST455\cst455-labs\Lab04\Lab04\synthesis --family="Cyclone V" --part=5CSXFC6D6F31C6
Progress: Loading Lab04/Lab04.qsys
Progress: Reading input file
Progress: Adding CLOCKS [altera_up_avalon_sys_sdram_pll 18.0]
Progress: Parameterizing module CLOCKS
Progress: Adding DEBUG [altera_avalon_jtag_uart 22.1]
Progress: Parameterizing module DEBUG
Progress: Adding LEDs [altera_avalon_pio 22.1]
Progress: Parameterizing module LEDs
Progress: Adding Lab04 [altera_nios2_gen2 22.1]
Progress: Parameterizing module Lab04
Progress: Adding SDRAM [altera_avalon_new_sdram_controller 20.1]
Progress: Parameterizing module SDRAM
Progress: Adding clk_0 [clock_source 22.1]
Progress: Parameterizing module clk_0
Progress: Adding pushbuttons [altera_avalon_pio 22.1]
Progress: Parameterizing module pushbuttons
Progress: Adding sys_clk [altera_avalon_timer 22.1]
Progress: Parameterizing module sys_clk
Progress: Building connections
Progress: Parameterizing connections
Progress: Validating
Progress: Done reading input file
Info: Lab04.CLOCKS: Refclk Freq: 50.0
Info: Lab04.DEBUG: JTAG UART IP input clock need to be at least double (2x) the operating frequency of JTAG TCK on board
Info: Lab04.SDRAM: SDRAM Controller will only be supported in Quartus Prime Standard Edition in the future release.
Info: Lab04.pushbuttons: PIO inputs are not hardwired in test bench. Undefined values will be read from PIO inputs during simulation.
Info: Lab04: Generating Lab04 "Lab04" for QUARTUS_SYNTH
Info: CLOCKS: "Lab04" instantiated altera_up_avalon_sys_sdram_pll "CLOCKS"
Info: DEBUG: Starting RTL generation for module 'Lab04_DEBUG'
Info: DEBUG:   Generation command is [exec C:/intelfpga_lite/22.1std/quartus/bin64/perl/bin/perl.exe -I C:/intelfpga_lite/22.1std/quartus/bin64/perl/lib -I C:/intelfpga_lite/22.1std/quartus/sopc_builder/bin/europa -I C:/intelfpga_lite/22.1std/quartus/sopc_builder/bin -I C:/intelfpga_lite/22.1std/quartus/../ip/altera/sopc_builder_ip/common -I C:/intelfpga_lite/22.1std/quartus/../ip/altera/sopc_builder_ip/altera_avalon_jtag_uart -- C:/intelfpga_lite/22.1std/quartus/../ip/altera/sopc_builder_ip/altera_avalon_jtag_uart/generate_rtl.pl --name=Lab04_DEBUG --dir=C:/Users/robin/AppData/Local/Temp/alt9653_1716007667547624728.dir/0002_DEBUG_gen/ --quartus_dir=C:/intelfpga_lite/22.1std/quartus --verilog --config=C:/Users/robin/AppData/Local/Temp/alt9653_1716007667547624728.dir/0002_DEBUG_gen//Lab04_DEBUG_component_configuration.pl  --do_build_sim=0  ]
Info: DEBUG: Done RTL generation for module 'Lab04_DEBUG'
Info: DEBUG: "Lab04" instantiated altera_avalon_jtag_uart "DEBUG"
Info: LEDs: Starting RTL generation for module 'Lab04_LEDs'
Info: LEDs:   Generation command is [exec C:/intelfpga_lite/22.1std/quartus/bin64/perl/bin/perl.exe -I C:/intelfpga_lite/22.1std/quartus/bin64/perl/lib -I C:/intelfpga_lite/22.1std/quartus/sopc_builder/bin/europa -I C:/intelfpga_lite/22.1std/quartus/sopc_builder/bin -I C:/intelfpga_lite/22.1std/quartus/../ip/altera/sopc_builder_ip/common -I C:/intelfpga_lite/22.1std/quartus/../ip/altera/sopc_builder_ip/altera_avalon_pio -- C:/intelfpga_lite/22.1std/quartus/../ip/altera/sopc_builder_ip/altera_avalon_pio/generate_rtl.pl --name=Lab04_LEDs --dir=C:/Users/robin/AppData/Local/Temp/alt9653_1716007667547624728.dir/0003_LEDs_gen/ --quartus_dir=C:/intelfpga_lite/22.1std/quartus --verilog --config=C:/Users/robin/AppData/Local/Temp/alt9653_1716007667547624728.dir/0003_LEDs_gen//Lab04_LEDs_component_configuration.pl  --do_build_sim=0  ]
Info: LEDs: Done RTL generation for module 'Lab04_LEDs'
Info: LEDs: "Lab04" instantiated altera_avalon_pio "LEDs"
Info: Lab04: "Lab04" instantiated altera_nios2_gen2 "Lab04"
Info: SDRAM: Starting RTL generation for module 'Lab04_SDRAM'
Info: SDRAM:   Generation command is [exec C:/intelfpga_lite/22.1std/quartus/bin64/perl/bin/perl.exe -I C:/intelfpga_lite/22.1std/quartus/bin64/perl/lib -I C:/intelfpga_lite/22.1std/quartus/sopc_builder/bin/europa -I C:/intelfpga_lite/22.1std/quartus/sopc_builder/bin -I C:/intelfpga_lite/22.1std/quartus/../ip/altera/sopc_builder_ip/common -I C:/intelFPGA/OregonTech/Intel(Depricated)/altera_avalon_new_sdram_controller -- C:/intelFPGA/OregonTech/Intel(Depricated)/altera_avalon_new_sdram_controller/generate_rtl.pl --name=Lab04_SDRAM --dir=C:/Users/robin/AppData/Local/Temp/alt9653_1716007667547624728.dir/0004_SDRAM_gen/ --quartus_dir=C:/intelfpga_lite/22.1std/quartus --verilog --config=C:/Users/robin/AppData/Local/Temp/alt9653_1716007667547624728.dir/0004_SDRAM_gen//Lab04_SDRAM_component_configuration.pl  --do_build_sim=0  ]
Info: SDRAM: Done RTL generation for module 'Lab04_SDRAM'
Info: SDRAM: "Lab04" instantiated altera_avalon_new_sdram_controller "SDRAM"
Info: pushbuttons: Starting RTL generation for module 'Lab04_pushbuttons'
Info: pushbuttons:   Generation command is [exec C:/intelfpga_lite/22.1std/quartus/bin64/perl/bin/perl.exe -I C:/intelfpga_lite/22.1std/quartus/bin64/perl/lib -I C:/intelfpga_lite/22.1std/quartus/sopc_builder/bin/europa -I C:/intelfpga_lite/22.1std/quartus/sopc_builder/bin -I C:/intelfpga_lite/22.1std/quartus/../ip/altera/sopc_builder_ip/common -I C:/intelfpga_lite/22.1std/quartus/../ip/altera/sopc_builder_ip/altera_avalon_pio -- C:/intelfpga_lite/22.1std/quartus/../ip/altera/sopc_builder_ip/altera_avalon_pio/generate_rtl.pl --name=Lab04_pushbuttons --dir=C:/Users/robin/AppData/Local/Temp/alt9653_1716007667547624728.dir/0005_pushbuttons_gen/ --quartus_dir=C:/intelfpga_lite/22.1std/quartus --verilog --config=C:/Users/robin/AppData/Local/Temp/alt9653_1716007667547624728.dir/0005_pushbuttons_gen//Lab04_pushbuttons_component_configuration.pl  --do_build_sim=0  ]
Info: pushbuttons: Done RTL generation for module 'Lab04_pushbuttons'
Info: pushbuttons: "Lab04" instantiated altera_avalon_pio "pushbuttons"
Info: sys_clk: Starting RTL generation for module 'Lab04_sys_clk'
Info: sys_clk:   Generation command is [exec C:/intelFPGA_lite/22.1std/quartus/bin64//perl/bin/perl.exe -I C:/intelFPGA_lite/22.1std/quartus/bin64//perl/lib -I C:/intelfpga_lite/22.1std/quartus/sopc_builder/bin/europa -I C:/intelfpga_lite/22.1std/quartus/sopc_builder/bin -I C:/intelfpga_lite/22.1std/quartus/../ip/altera/sopc_builder_ip/common -I C:/intelfpga_lite/22.1std/quartus/../ip/altera/sopc_builder_ip/altera_avalon_timer -- C:/intelfpga_lite/22.1std/quartus/../ip/altera/sopc_builder_ip/altera_avalon_timer/generate_rtl.pl --name=Lab04_sys_clk --dir=C:/Users/robin/AppData/Local/Temp/alt9653_1716007667547624728.dir/0006_sys_clk_gen/ --quartus_dir=C:/intelfpga_lite/22.1std/quartus --verilog --config=C:/Users/robin/AppData/Local/Temp/alt9653_1716007667547624728.dir/0006_sys_clk_gen//Lab04_sys_clk_component_configuration.pl  --do_build_sim=0  ]
Info: sys_clk: Done RTL generation for module 'Lab04_sys_clk'
Info: sys_clk: "Lab04" instantiated altera_avalon_timer "sys_clk"
Info: avalon_st_adapter: Inserting error_adapter: error_adapter_0
Info: avalon_st_adapter_001: Inserting error_adapter: error_adapter_0
Info: avalon_st_adapter_002: Inserting error_adapter: error_adapter_0
Info: avalon_st_adapter_003: Inserting error_adapter: error_adapter_0
Info: avalon_st_adapter_004: Inserting error_adapter: error_adapter_0
Info: avalon_st_adapter_005: Inserting error_adapter: error_adapter_0
Info: mm_interconnect_0: "Lab04" instantiated altera_mm_interconnect "mm_interconnect_0"
Info: irq_mapper: "Lab04" instantiated altera_irq_mapper "irq_mapper"
Info: rst_controller: "Lab04" instantiated altera_reset_controller "rst_controller"
Info: sys_pll: "CLOCKS" instantiated altera_pll "sys_pll"
Info: reset_from_locked: "CLOCKS" instantiated altera_up_avalon_reset_from_locked_signal "reset_from_locked"
Info: cpu: Starting RTL generation for module 'Lab04_Lab04_cpu'
Info: cpu:   Generation command is [exec C:/intelFPGA_lite/22.1std/quartus/bin64//perl/bin/perl.exe -I C:/intelFPGA_lite/22.1std/quartus/bin64//perl/lib -I C:/intelfpga_lite/22.1std/quartus/sopc_builder/bin/europa -I C:/intelfpga_lite/22.1std/quartus/sopc_builder/bin -I C:/intelfpga_lite/22.1std/quartus/../ip/altera/nios2_ip/altera_nios2_gen2/cpu_lib -I C:/intelfpga_lite/22.1std/quartus/../ip/altera/nios2_ip/altera_nios2_gen2/nios_lib -I C:/intelfpga_lite/22.1std/quartus/../ip/altera/nios2_ip/altera_nios2_gen2 -I C:/intelfpga_lite/22.1std/quartus/../ip/altera/nios2_ip/altera_nios2_gen2 -- C:/intelfpga_lite/22.1std/quartus/../ip/altera/nios2_ip/altera_nios2_gen2/generate_rtl.pl --name=Lab04_Lab04_cpu --dir=C:/Users/robin/AppData/Local/Temp/alt9653_1716007667547624728.dir/0011_cpu_gen/ --quartus_bindir=C:/intelFPGA_lite/22.1std/quartus/bin64/ --verilog --config=C:/Users/robin/AppData/Local/Temp/alt9653_1716007667547624728.dir/0011_cpu_gen//Lab04_Lab04_cpu_processor_configuration.pl  --do_build_sim=0  ]
Info: cpu: # 2023.10.23 16:06:24 (*) Starting Nios II generation
Info: cpu: # 2023.10.23 16:06:24 (*)   Elaborating CPU configuration settings
Info: cpu: # 2023.10.23 16:06:24 (*)   Creating all objects for CPU
Info: cpu: # 2023.10.23 16:06:25 (*)   Generating RTL from CPU objects
Info: cpu: # 2023.10.23 16:06:25 (*)   Creating plain-text RTL
Info: cpu: # 2023.10.23 16:06:25 (*) Done Nios II generation
Info: cpu: Done RTL generation for module 'Lab04_Lab04_cpu'
Info: cpu: "Lab04" instantiated altera_nios2_gen2_unit "cpu"
Info: Lab04_data_master_translator: "mm_interconnect_0" instantiated altera_merlin_master_translator "Lab04_data_master_translator"
Info: DEBUG_avalon_jtag_slave_translator: "mm_interconnect_0" instantiated altera_merlin_slave_translator "DEBUG_avalon_jtag_slave_translator"
Info: Lab04_data_master_agent: "mm_interconnect_0" instantiated altera_merlin_master_agent "Lab04_data_master_agent"
Info: DEBUG_avalon_jtag_slave_agent: "mm_interconnect_0" instantiated altera_merlin_slave_agent "DEBUG_avalon_jtag_slave_agent"
Info: DEBUG_avalon_jtag_slave_agent_rsp_fifo: "mm_interconnect_0" instantiated altera_avalon_sc_fifo "DEBUG_avalon_jtag_slave_agent_rsp_fifo"
Info: router: "mm_interconnect_0" instantiated altera_merlin_router "router"
Info: router_001: "mm_interconnect_0" instantiated altera_merlin_router "router_001"
Info: router_002: "mm_interconnect_0" instantiated altera_merlin_router "router_002"
Info: router_003: "mm_interconnect_0" instantiated altera_merlin_router "router_003"
Info: router_004: "mm_interconnect_0" instantiated altera_merlin_router "router_004"
Info: SDRAM_s1_burst_adapter: "mm_interconnect_0" instantiated altera_merlin_burst_adapter "SDRAM_s1_burst_adapter"
Info: cmd_demux: "mm_interconnect_0" instantiated altera_merlin_demultiplexer "cmd_demux"
Info: cmd_demux_001: "mm_interconnect_0" instantiated altera_merlin_demultiplexer "cmd_demux_001"
Info: cmd_mux: "mm_interconnect_0" instantiated altera_merlin_multiplexer "cmd_mux"
Info: cmd_mux_001: "mm_interconnect_0" instantiated altera_merlin_multiplexer "cmd_mux_001"
Info: Reusing file C:/Users/robin/OneDrive/Desktop/CST455/cst455-labs/Lab04/Lab04/synthesis/submodules/altera_merlin_arbitrator.sv
Info: rsp_demux: "mm_interconnect_0" instantiated altera_merlin_demultiplexer "rsp_demux"
Info: rsp_mux: "mm_interconnect_0" instantiated altera_merlin_multiplexer "rsp_mux"
Info: Reusing file C:/Users/robin/OneDrive/Desktop/CST455/cst455-labs/Lab04/Lab04/synthesis/submodules/altera_merlin_arbitrator.sv
Info: rsp_mux_001: "mm_interconnect_0" instantiated altera_merlin_multiplexer "rsp_mux_001"
Info: Reusing file C:/Users/robin/OneDrive/Desktop/CST455/cst455-labs/Lab04/Lab04/synthesis/submodules/altera_merlin_arbitrator.sv
Info: SDRAM_s1_rsp_width_adapter: "mm_interconnect_0" instantiated altera_merlin_width_adapter "SDRAM_s1_rsp_width_adapter"
Info: Reusing file C:/Users/robin/OneDrive/Desktop/CST455/cst455-labs/Lab04/Lab04/synthesis/submodules/altera_merlin_address_alignment.sv
Info: Reusing file C:/Users/robin/OneDrive/Desktop/CST455/cst455-labs/Lab04/Lab04/synthesis/submodules/altera_merlin_burst_uncompressor.sv
Info: avalon_st_adapter: "mm_interconnect_0" instantiated altera_avalon_st_adapter "avalon_st_adapter"
Info: avalon_st_adapter_002: "mm_interconnect_0" instantiated altera_avalon_st_adapter "avalon_st_adapter_002"
Info: error_adapter_0: "avalon_st_adapter" instantiated error_adapter "error_adapter_0"
Info: error_adapter_0: "avalon_st_adapter_002" instantiated error_adapter "error_adapter_0"
Info: Lab04: Done "Lab04" with 37 modules, 59 files
Info: qsys-generate succeeded.
Info: Finished: Create HDL design files for synthesis
